[INFO] Iniciando instalação de extensões...
[INFO] Log: ./logs/extensions_install_20260129_075146.log
[INFO] Usando binário: code
------------------------------------------------------------
[INFO] Extensão: 13xforever.language-x86-64-assembly | Versão: 3.1.5
[INFO] Tentando instalar: 13xforever.language-x86-64-assembly@3.1.5
Instalando as extensões em Codespaces: organic xylophone...
Instalando a extensão '13xforever.language-x86-64-assembly' v3.1.5...
A extensão '13xforever.language-x86-64-assembly' v3.1.5 foi instalada com êxito.
[OK] Instalado (versão exata): 13xforever.language-x86-64-assembly@3.1.5
------------------------------------------------------------
[INFO] Extensão: adelphes.android-dev-ext | Versão: 1.4.0
[INFO] Tentando instalar: adelphes.android-dev-ext@1.4.0
Instalando as extensões em Codespaces: organic xylophone...
Instalando a extensão 'adelphes.android-dev-ext' v1.4.0...
A extensão 'adelphes.android-dev-ext' v1.4.0 foi instalada com êxito.
[OK] Instalado (versão exata): adelphes.android-dev-ext@1.4.0
------------------------------------------------------------
[INFO] Extensão: adetoola.zip-files | Versão: 0.0.2
[INFO] Tentando instalar: adetoola.zip-files@0.0.2
Instalando as extensões em Codespaces: organic xylophone...
Instalando a extensão 'adetoola.zip-files' v0.0.2...
A extensão 'adetoola.zip-files' v0.0.2 foi instalada com êxito.
[OK] Instalado (versão exata): adetoola.zip-files@0.0.2
------------------------------------------------------------
[INFO] Extensão: bbenoist.doxygen | Versão: 1.0.0
[INFO] Tentando instalar: bbenoist.doxygen@1.0.0
Instalando as extensões em Codespaces: organic xylophone...
Instalando a extensão 'bbenoist.doxygen' v1.0.0...
A extensão 'bbenoist.doxygen' v1.0.0 foi instalada com êxito.
[OK] Instalado (versão exata): bbenoist.doxygen@1.0.0
------------------------------------------------------------
[INFO] Extensão: cheshirekow.cmake-format | Versão: 0.6.11
[INFO] Tentando instalar: cheshirekow.cmake-format@0.6.11
